<?xml version="1.0" encoding="UTF-8"?>
<TestRun id="fb1f2e8c-14f3-41d3-a3fd-b0a3de13ddea" name="CROMSYSTEM@MUAKS-PC 2016-04-03 03:16:45" runUser="MUAKS-PC\CROMSYSTEM" xmlns="http://microsoft.com/schemas/VisualStudio/TeamTest/2010">
  <TestSettings name="Local" id="cdeb153d-5496-4227-b58f-5b1ef5546c2b">
    <Description>These are default test settings for a local test run.</Description>
    <Deployment userDeploymentRoot="F:\CROMSistemas\VS2012\DPMoviles\WCFMovilRest\slnWcfRestServiceParking\TestResults" useDefaultDeploymentRoot="false" enabled="false" runDeploymentRoot="CROMSYSTEM_MUAKS-PC 2016-04-03 03_16_45" />
    <Execution>
      <TestTypeSpecific />
      <AgentRule name="Execution Agents">
      </AgentRule>
    </Execution>
  </TestSettings>
  <Times creation="2016-04-03T03:16:45.9111328-05:00" queuing="2016-04-03T03:16:46.0888671-05:00" start="2016-04-03T03:16:46.2919921-05:00" finish="2016-04-03T03:16:48.8125000-05:00" />
  <ResultSummary outcome="Failed">
    <Counters total="1" executed="1" error="0" failed="1" timeout="0" aborted="0" inconclusive="0" passedButRunAborted="0" notRunnable="0" notExecuted="0" disconnected="0" warning="0" passed="0" completed="0" inProgress="0" pending="0" />
  </ResultSummary>
  <TestDefinitions>
    <UnitTest name="UserCrearTest" storage="f:\cromsistemas\vs2012\dpmoviles\wcfmovilrest\slnwcfrestserviceparking\slnwcfrestserviceparkingtest\bin\debug\slnwcfrestserviceparkingtest.dll" id="ec7ebb8e-94d4-9260-d6ee-2e06424e45ee">
      <Execution id="aac04424-9a43-41db-8e13-9b076e12c836" />
      <TestMethod codeBase="F:/CROMSistemas/VS2012/DPMoviles/WCFMovilRest/slnWcfRestServiceParking/slnWcfRestServiceParkingTest/bin/Debug/slnWcfRestServiceParkingTest.DLL" adapterTypeName="Microsoft.VisualStudio.TestTools.TestTypes.Unit.UnitTestAdapter, Microsoft.VisualStudio.QualityTools.Tips.UnitTest.Adapter, Version=10.0.0.0, Culture=neutral, PublicKeyToken=b03f5f7f11d50a3a" className="slnWcfRestServiceParkingTest.UserTest, slnWcfRestServiceParkingTest, Version=1.0.0.0, Culture=neutral, PublicKeyToken=null" name="UserCrearTest" />
    </UnitTest>
  </TestDefinitions>
  <TestLists>
    <TestList name="Results Not in a List" id="8c84fa94-04c1-424b-9868-57a2d4851a1d" />
    <TestList name="All Loaded Results" id="19431567-8539-422a-85d7-44ee4e166bda" />
  </TestLists>
  <TestEntries>
    <TestEntry testId="ec7ebb8e-94d4-9260-d6ee-2e06424e45ee" executionId="aac04424-9a43-41db-8e13-9b076e12c836" testListId="8c84fa94-04c1-424b-9868-57a2d4851a1d" />
  </TestEntries>
  <Results>
    <UnitTestResult executionId="aac04424-9a43-41db-8e13-9b076e12c836" testId="ec7ebb8e-94d4-9260-d6ee-2e06424e45ee" testName="UserCrearTest" computerName="MUAKS-PC" duration="00:00:00.6503433" startTime="2016-04-03T03:16:46.5742187-05:00" endTime="2016-04-03T03:16:48.4912109-05:00" testType="13cdc9d9-ddb5-4fa4-a97d-d965ccfc6d4b" outcome="Failed" testListId="8c84fa94-04c1-424b-9868-57a2d4851a1d" relativeResultsDirectory="aac04424-9a43-41db-8e13-9b076e12c836">
      <Output>
        <ErrorInfo>
          <Message>Test method slnWcfRestServiceParkingTest.UserTest.UserCrearTest threw exception: 
System.Net.WebException: Error en el servidor remoto: (405) Método no permitido.</Message>
          <StackTrace>    en System.Net.HttpWebRequest.GetResponse()
   en slnWcfRestServiceParkingTest.UserTest.UserCrearTest() en F:\CROMSistemas\VS2012\DPMoviles\WCFMovilRest\slnWcfRestServiceParking\slnWcfRestServiceParkingTest\UserTest.cs:línea 85
</StackTrace>
        </ErrorInfo>
      </Output>
    </UnitTestResult>
  </Results>
</TestRun>