<?xml version="1.0" encoding="UTF-8"?>
<TestRun id="2c0813f5-8307-4441-b9cc-8ce048af8d9a" name="CROMSYSTEM@MUAKS-PC 2016-04-05 03:45:24" runUser="MUAKS-PC\CROMSYSTEM" xmlns="http://microsoft.com/schemas/VisualStudio/TeamTest/2010">
  <TestSettings name="Local" id="cdeb153d-5496-4227-b58f-5b1ef5546c2b">
    <Description>These are default test settings for a local test run.</Description>
    <Deployment enabled="false" runDeploymentRoot="CROMSYSTEM_MUAKS-PC 2016-04-05 03_45_24" />
    <Execution>
      <TestTypeSpecific />
      <AgentRule name="Execution Agents">
      </AgentRule>
    </Execution>
  </TestSettings>
  <Times creation="2016-04-05T03:45:24.6884766-05:00" queuing="2016-04-05T03:45:29.7294922-05:00" start="2016-04-05T03:45:30.1767578-05:00" finish="2016-04-05T03:45:49.9843750-05:00" />
  <ResultSummary outcome="Completed">
    <Counters total="1" executed="1" passed="1" error="0" failed="0" timeout="0" aborted="0" inconclusive="0" passedButRunAborted="0" notRunnable="0" notExecuted="0" disconnected="0" warning="0" completed="0" inProgress="0" pending="0" />
  </ResultSummary>
  <TestDefinitions>
    <UnitTest name="ParkingSpaceUpdateTest" storage="f:\cromsistemas\vs2012\dpmoviles\vs2010\wcfmovilrest\slnwcfrestserviceparking\slnwcfrestserviceparkingtest\bin\debug\slnwcfrestserviceparkingtest.dll" id="11155335-4cf0-cdda-cc6c-9daa25d310c2">
      <Execution id="bed84d30-242f-4f76-bbfb-037dee15f705" />
      <TestMethod codeBase="F:/CROMSistemas/VS2012/DPMoviles/VS2010/WCFMovilRest/slnWcfRestServiceParking/slnWcfRestServiceParkingTest/bin/Debug/slnWcfRestServiceParkingTest.DLL" adapterTypeName="Microsoft.VisualStudio.TestTools.TestTypes.Unit.UnitTestAdapter, Microsoft.VisualStudio.QualityTools.Tips.UnitTest.Adapter, Version=10.0.0.0, Culture=neutral, PublicKeyToken=b03f5f7f11d50a3a" className="slnWcfRestServiceParkingTest.ParkingSpaceTest, slnWcfRestServiceParkingTest, Version=1.0.0.0, Culture=neutral, PublicKeyToken=null" name="ParkingSpaceUpdateTest" />
    </UnitTest>
  </TestDefinitions>
  <TestLists>
    <TestList name="Results Not in a List" id="8c84fa94-04c1-424b-9868-57a2d4851a1d" />
    <TestList name="All Loaded Results" id="19431567-8539-422a-85d7-44ee4e166bda" />
  </TestLists>
  <TestEntries>
    <TestEntry testId="11155335-4cf0-cdda-cc6c-9daa25d310c2" executionId="bed84d30-242f-4f76-bbfb-037dee15f705" testListId="8c84fa94-04c1-424b-9868-57a2d4851a1d" />
  </TestEntries>
  <Results>
    <UnitTestResult executionId="bed84d30-242f-4f76-bbfb-037dee15f705" testId="11155335-4cf0-cdda-cc6c-9daa25d310c2" testName="ParkingSpaceUpdateTest" computerName="MUAKS-PC" duration="00:00:15.3881890" startTime="2016-04-05T03:45:30.8300781-05:00" endTime="2016-04-05T03:45:49.1591797-05:00" testType="13cdc9d9-ddb5-4fa4-a97d-d965ccfc6d4b" outcome="Passed" testListId="8c84fa94-04c1-424b-9868-57a2d4851a1d" relativeResultsDirectory="bed84d30-242f-4f76-bbfb-037dee15f705">
    </UnitTestResult>
  </Results>
</TestRun>