<?xml version="1.0" encoding="UTF-8"?>
<TestRun id="42b2bcbf-06b8-49fb-8451-a8a9dafe79e9" name="CROMSYSTEM@MUAKS-PC 2016-04-05 17:07:53" runUser="MUAKS-PC\CROMSYSTEM" xmlns="http://microsoft.com/schemas/VisualStudio/TeamTest/2010">
  <TestSettings name="Local" id="cdeb153d-5496-4227-b58f-5b1ef5546c2b">
    <Description>These are default test settings for a local test run.</Description>
    <Deployment enabled="false" runDeploymentRoot="CROMSYSTEM_MUAKS-PC 2016-04-05 17_07_53" />
    <Execution>
      <TestTypeSpecific />
      <AgentRule name="Execution Agents">
      </AgentRule>
    </Execution>
  </TestSettings>
  <Times creation="2016-04-05T17:07:53.0820312-05:00" queuing="2016-04-05T17:07:57.2490234-05:00" start="2016-04-05T17:07:57.5830078-05:00" finish="2016-04-05T17:08:19.5839843-05:00" />
  <ResultSummary outcome="Completed">
    <Counters total="1" executed="1" passed="1" error="0" failed="0" timeout="0" aborted="0" inconclusive="0" passedButRunAborted="0" notRunnable="0" notExecuted="0" disconnected="0" warning="0" completed="0" inProgress="0" pending="0" />
  </ResultSummary>
  <TestDefinitions>
    <UnitTest name="UserEditarTest" storage="f:\cromsistemas\vs2012\dpmoviles\vs2010\wcfmovilrest\slnwcfrestserviceparking\slnwcfrestserviceparkingtest\bin\debug\slnwcfrestserviceparkingtest.dll" id="bd02d6d8-3cda-4341-0958-9cc241a24ecf">
      <Execution id="bfa08a7e-eeec-4ac0-8145-7e2ea2665cb1" />
      <TestMethod codeBase="F:/CROMSistemas/VS2012/DPMoviles/VS2010/WCFMovilRest/slnWcfRestServiceParking/slnWcfRestServiceParkingTest/bin/Debug/slnWcfRestServiceParkingTest.DLL" adapterTypeName="Microsoft.VisualStudio.TestTools.TestTypes.Unit.UnitTestAdapter, Microsoft.VisualStudio.QualityTools.Tips.UnitTest.Adapter, Version=10.0.0.0, Culture=neutral, PublicKeyToken=b03f5f7f11d50a3a" className="slnWcfRestServiceParkingTest.UserTest, slnWcfRestServiceParkingTest, Version=1.0.0.0, Culture=neutral, PublicKeyToken=null" name="UserEditarTest" />
    </UnitTest>
  </TestDefinitions>
  <TestLists>
    <TestList name="Results Not in a List" id="8c84fa94-04c1-424b-9868-57a2d4851a1d" />
    <TestList name="All Loaded Results" id="19431567-8539-422a-85d7-44ee4e166bda" />
  </TestLists>
  <TestEntries>
    <TestEntry testId="bd02d6d8-3cda-4341-0958-9cc241a24ecf" executionId="bfa08a7e-eeec-4ac0-8145-7e2ea2665cb1" testListId="8c84fa94-04c1-424b-9868-57a2d4851a1d" />
  </TestEntries>
  <Results>
    <UnitTestResult executionId="bfa08a7e-eeec-4ac0-8145-7e2ea2665cb1" testId="bd02d6d8-3cda-4341-0958-9cc241a24ecf" testName="UserEditarTest" computerName="MUAKS-PC" duration="00:00:19.0279856" startTime="2016-04-05T17:07:57.9892578-05:00" endTime="2016-04-05T17:08:19.1572265-05:00" testType="13cdc9d9-ddb5-4fa4-a97d-d965ccfc6d4b" outcome="Passed" testListId="8c84fa94-04c1-424b-9868-57a2d4851a1d" relativeResultsDirectory="bfa08a7e-eeec-4ac0-8145-7e2ea2665cb1">
    </UnitTestResult>
  </Results>
</TestRun>