<?xml version="1.0" encoding="UTF-8"?>
<TestRun id="6f80d29e-ef8a-4d43-89ce-55339c7c1724" name="CROMSYSTEM@MUAKS-PC 2016-04-05 03:54:01" runUser="MUAKS-PC\CROMSYSTEM" xmlns="http://microsoft.com/schemas/VisualStudio/TeamTest/2010">
  <TestSettings name="Local" id="cdeb153d-5496-4227-b58f-5b1ef5546c2b">
    <Description>These are default test settings for a local test run.</Description>
    <Deployment enabled="false" runDeploymentRoot="CROMSYSTEM_MUAKS-PC 2016-04-05 03_54_01" />
    <Execution>
      <TestTypeSpecific />
      <AgentRule name="Execution Agents">
      </AgentRule>
    </Execution>
  </TestSettings>
  <Times creation="2016-04-05T03:54:01.1005859-05:00" queuing="2016-04-05T03:54:07.4921875-05:00" start="2016-04-05T03:54:08.2470703-05:00" finish="2016-04-05T03:54:13.5830078-05:00" />
  <ResultSummary outcome="Completed">
    <Counters total="1" executed="1" passed="1" error="0" failed="0" timeout="0" aborted="0" inconclusive="0" passedButRunAborted="0" notRunnable="0" notExecuted="0" disconnected="0" warning="0" completed="0" inProgress="0" pending="0" />
  </ResultSummary>
  <TestDefinitions>
    <UnitTest name="ParkingSpaceDeleteTest" storage="f:\cromsistemas\vs2012\dpmoviles\vs2010\wcfmovilrest\slnwcfrestserviceparking\slnwcfrestserviceparkingtest\bin\debug\slnwcfrestserviceparkingtest.dll" id="82fd6183-d887-7ce3-ef91-8685cda8c251">
      <Execution id="0ae42be8-4392-4ee0-bd60-b04aecd60d9e" />
      <TestMethod codeBase="F:/CROMSistemas/VS2012/DPMoviles/VS2010/WCFMovilRest/slnWcfRestServiceParking/slnWcfRestServiceParkingTest/bin/Debug/slnWcfRestServiceParkingTest.DLL" adapterTypeName="Microsoft.VisualStudio.TestTools.TestTypes.Unit.UnitTestAdapter, Microsoft.VisualStudio.QualityTools.Tips.UnitTest.Adapter, Version=10.0.0.0, Culture=neutral, PublicKeyToken=b03f5f7f11d50a3a" className="slnWcfRestServiceParkingTest.ParkingSpaceTest, slnWcfRestServiceParkingTest, Version=1.0.0.0, Culture=neutral, PublicKeyToken=null" name="ParkingSpaceDeleteTest" />
    </UnitTest>
  </TestDefinitions>
  <TestLists>
    <TestList name="Results Not in a List" id="8c84fa94-04c1-424b-9868-57a2d4851a1d" />
    <TestList name="All Loaded Results" id="19431567-8539-422a-85d7-44ee4e166bda" />
  </TestLists>
  <TestEntries>
    <TestEntry testId="82fd6183-d887-7ce3-ef91-8685cda8c251" executionId="0ae42be8-4392-4ee0-bd60-b04aecd60d9e" testListId="8c84fa94-04c1-424b-9868-57a2d4851a1d" />
  </TestEntries>
  <Results>
    <UnitTestResult executionId="0ae42be8-4392-4ee0-bd60-b04aecd60d9e" testId="82fd6183-d887-7ce3-ef91-8685cda8c251" testName="ParkingSpaceDeleteTest" computerName="MUAKS-PC" duration="00:00:01.1706304" startTime="2016-04-05T03:54:08.8505859-05:00" endTime="2016-04-05T03:54:12.7080078-05:00" testType="13cdc9d9-ddb5-4fa4-a97d-d965ccfc6d4b" outcome="Passed" testListId="8c84fa94-04c1-424b-9868-57a2d4851a1d" relativeResultsDirectory="0ae42be8-4392-4ee0-bd60-b04aecd60d9e">
    </UnitTestResult>
  </Results>
</TestRun>