<?xml version="1.0" encoding="UTF-8"?>
<TestRun id="1d3c1d36-f8a0-45c0-a770-59a45712ec04" name="CROMSYSTEM@MUAKS-PC 2016-04-05 16:35:38" runUser="MUAKS-PC\CROMSYSTEM" xmlns="http://microsoft.com/schemas/VisualStudio/TeamTest/2010">
  <TestSettings name="Local" id="cdeb153d-5496-4227-b58f-5b1ef5546c2b">
    <Description>These are default test settings for a local test run.</Description>
    <Deployment enabled="false" runDeploymentRoot="CROMSYSTEM_MUAKS-PC 2016-04-05 16_35_38" />
    <Execution>
      <TestTypeSpecific />
      <AgentRule name="Execution Agents">
      </AgentRule>
    </Execution>
  </TestSettings>
  <Times creation="2016-04-05T16:35:38.3105468-05:00" queuing="2016-04-05T16:35:40.7509765-05:00" start="2016-04-05T16:35:41.0957031-05:00" finish="2016-04-05T16:35:59.9970703-05:00" />
  <ResultSummary outcome="Completed">
    <Counters total="1" executed="1" passed="1" error="0" failed="0" timeout="0" aborted="0" inconclusive="0" passedButRunAborted="0" notRunnable="0" notExecuted="0" disconnected="0" warning="0" completed="0" inProgress="0" pending="0" />
  </ResultSummary>
  <TestDefinitions>
    <UnitTest name="UserCrearTest" storage="f:\cromsistemas\vs2012\dpmoviles\vs2010\wcfmovilrest\slnwcfrestserviceparking\slnwcfrestserviceparkingtest\bin\debug\slnwcfrestserviceparkingtest.dll" id="ec7ebb8e-94d4-9260-d6ee-2e06424e45ee">
      <Execution id="77031c81-2df4-44ea-99e8-9a3e852afd84" />
      <TestMethod codeBase="F:/CROMSistemas/VS2012/DPMoviles/VS2010/WCFMovilRest/slnWcfRestServiceParking/slnWcfRestServiceParkingTest/bin/Debug/slnWcfRestServiceParkingTest.DLL" adapterTypeName="Microsoft.VisualStudio.TestTools.TestTypes.Unit.UnitTestAdapter, Microsoft.VisualStudio.QualityTools.Tips.UnitTest.Adapter, Version=10.0.0.0, Culture=neutral, PublicKeyToken=b03f5f7f11d50a3a" className="slnWcfRestServiceParkingTest.UserTest, slnWcfRestServiceParkingTest, Version=1.0.0.0, Culture=neutral, PublicKeyToken=null" name="UserCrearTest" />
    </UnitTest>
  </TestDefinitions>
  <TestLists>
    <TestList name="Results Not in a List" id="8c84fa94-04c1-424b-9868-57a2d4851a1d" />
    <TestList name="All Loaded Results" id="19431567-8539-422a-85d7-44ee4e166bda" />
  </TestLists>
  <TestEntries>
    <TestEntry testId="ec7ebb8e-94d4-9260-d6ee-2e06424e45ee" executionId="77031c81-2df4-44ea-99e8-9a3e852afd84" testListId="8c84fa94-04c1-424b-9868-57a2d4851a1d" />
  </TestEntries>
  <Results>
    <UnitTestResult executionId="77031c81-2df4-44ea-99e8-9a3e852afd84" testId="ec7ebb8e-94d4-9260-d6ee-2e06424e45ee" testName="UserCrearTest" computerName="MUAKS-PC" duration="00:00:15.8365277" startTime="2016-04-05T16:35:41.4160156-05:00" endTime="2016-04-05T16:35:59.5253906-05:00" testType="13cdc9d9-ddb5-4fa4-a97d-d965ccfc6d4b" outcome="Passed" testListId="8c84fa94-04c1-424b-9868-57a2d4851a1d" relativeResultsDirectory="77031c81-2df4-44ea-99e8-9a3e852afd84">
    </UnitTestResult>
  </Results>
</TestRun>