<?xml version="1.0" encoding="UTF-8"?>
<TestRun id="b7710124-6342-4aef-a3a6-fe0196f6eaf4" name="CROMSYSTEM@MUAKS-PC 2016-04-03 06:50:46" runUser="MUAKS-PC\CROMSYSTEM" xmlns="http://microsoft.com/schemas/VisualStudio/TeamTest/2010">
  <TestSettings name="Local" id="cdeb153d-5496-4227-b58f-5b1ef5546c2b">
    <Description>These are default test settings for a local test run.</Description>
    <Deployment enabled="false" runDeploymentRoot="CROMSYSTEM_MUAKS-PC 2016-04-03 06_50_46" />
    <Execution>
      <TestTypeSpecific />
      <AgentRule name="Execution Agents">
      </AgentRule>
    </Execution>
  </TestSettings>
  <Times creation="2016-04-03T06:50:46.8154296-05:00" queuing="2016-04-03T06:50:48.3212890-05:00" start="2016-04-03T06:50:48.4589843-05:00" finish="2016-04-03T06:50:51.8828125-05:00" />
  <ResultSummary outcome="Failed">
    <Counters total="1" executed="1" error="0" failed="1" timeout="0" aborted="0" inconclusive="0" passedButRunAborted="0" notRunnable="0" notExecuted="0" disconnected="0" warning="0" passed="0" completed="0" inProgress="0" pending="0" />
  </ResultSummary>
  <TestDefinitions>
    <UnitTest name="UserCrearTest" storage="f:\cromsistemas\vs2012\dpmoviles\vs2010\wcfmovilrest\slnwcfrestserviceparking\slnwcfrestserviceparkingtest\bin\debug\slnwcfrestserviceparkingtest.dll" id="ec7ebb8e-94d4-9260-d6ee-2e06424e45ee">
      <Execution id="26d7d14e-a8ea-4533-be3f-78795e404cfb" />
      <TestMethod codeBase="F:/CROMSistemas/VS2012/DPMoviles/VS2010/WCFMovilRest/slnWcfRestServiceParking/slnWcfRestServiceParkingTest/bin/Debug/slnWcfRestServiceParkingTest.DLL" adapterTypeName="Microsoft.VisualStudio.TestTools.TestTypes.Unit.UnitTestAdapter, Microsoft.VisualStudio.QualityTools.Tips.UnitTest.Adapter, Version=10.0.0.0, Culture=neutral, PublicKeyToken=b03f5f7f11d50a3a" className="slnWcfRestServiceParkingTest.UserTest, slnWcfRestServiceParkingTest, Version=1.0.0.0, Culture=neutral, PublicKeyToken=null" name="UserCrearTest" />
    </UnitTest>
  </TestDefinitions>
  <TestLists>
    <TestList name="Results Not in a List" id="8c84fa94-04c1-424b-9868-57a2d4851a1d" />
    <TestList name="All Loaded Results" id="19431567-8539-422a-85d7-44ee4e166bda" />
  </TestLists>
  <TestEntries>
    <TestEntry testId="ec7ebb8e-94d4-9260-d6ee-2e06424e45ee" executionId="26d7d14e-a8ea-4533-be3f-78795e404cfb" testListId="8c84fa94-04c1-424b-9868-57a2d4851a1d" />
  </TestEntries>
  <Results>
    <UnitTestResult executionId="26d7d14e-a8ea-4533-be3f-78795e404cfb" testId="ec7ebb8e-94d4-9260-d6ee-2e06424e45ee" testName="UserCrearTest" computerName="MUAKS-PC" duration="00:00:02.2739194" startTime="2016-04-03T06:50:48.5058593-05:00" endTime="2016-04-03T06:50:51.7167968-05:00" testType="13cdc9d9-ddb5-4fa4-a97d-d965ccfc6d4b" outcome="Failed" testListId="8c84fa94-04c1-424b-9868-57a2d4851a1d" relativeResultsDirectory="26d7d14e-a8ea-4533-be3f-78795e404cfb">
      <Output>
        <ErrorInfo>
          <Message>Test method slnWcfRestServiceParkingTest.UserTest.UserCrearTest threw exception: 
System.Net.WebException: No es posible conectar con el servidor remoto ---&gt; System.Net.Sockets.SocketException: No se puede establecer una conexión ya que el equipo de destino denegó expresamente dicha conexión 127.0.0.1:3643</Message>
          <StackTrace>    en System.Net.Sockets.Socket.DoConnect(EndPoint endPointSnapshot, SocketAddress socketAddress)
   en System.Net.ServicePoint.ConnectSocketInternal(Boolean connectFailure, Socket s4, Socket s6, Socket&amp; socket, IPAddress&amp; address, ConnectSocketState state, IAsyncResult asyncResult, Exception&amp; exception)
 --- End of inner exception stack trace ---
    en System.Net.HttpWebRequest.GetRequestStream(TransportContext&amp; context)
   en System.Net.HttpWebRequest.GetRequestStream()
   en slnWcfRestServiceParkingTest.UserTest.UserCrearTest() en F:\CROMSistemas\VS2012\DPMoviles\VS2010\WCFMovilRest\slnWcfRestServiceParking\slnWcfRestServiceParkingTest\UserTest.cs:línea 86
</StackTrace>
        </ErrorInfo>
      </Output>
    </UnitTestResult>
  </Results>
</TestRun>