<?xml version="1.0" encoding="UTF-8"?>
<TestRun id="a03b3939-5233-492d-87fc-9558413a37ae" name="CROMSYSTEM@MUAKS-PC 2016-04-05 03:56:39" runUser="MUAKS-PC\CROMSYSTEM" xmlns="http://microsoft.com/schemas/VisualStudio/TeamTest/2010">
  <TestSettings name="Local" id="cdeb153d-5496-4227-b58f-5b1ef5546c2b">
    <Description>These are default test settings for a local test run.</Description>
    <Deployment enabled="false" runDeploymentRoot="CROMSYSTEM_MUAKS-PC 2016-04-05 03_56_39" />
    <Execution>
      <TestTypeSpecific />
      <AgentRule name="Execution Agents">
      </AgentRule>
    </Execution>
  </TestSettings>
  <Times creation="2016-04-05T03:56:39.6855469-05:00" queuing="2016-04-05T03:56:45.7724609-05:00" start="2016-04-05T03:56:46.6005859-05:00" finish="2016-04-05T03:56:59.5947266-05:00" />
  <ResultSummary outcome="Completed">
    <Counters total="1" executed="1" passed="1" error="0" failed="0" timeout="0" aborted="0" inconclusive="0" passedButRunAborted="0" notRunnable="0" notExecuted="0" disconnected="0" warning="0" completed="0" inProgress="0" pending="0" />
  </ResultSummary>
  <TestDefinitions>
    <UnitTest name="ParkingSpaceCrearTest" storage="f:\cromsistemas\vs2012\dpmoviles\vs2010\wcfmovilrest\slnwcfrestserviceparking\slnwcfrestserviceparkingtest\bin\debug\slnwcfrestserviceparkingtest.dll" id="6006fdde-aef3-8c5c-e65b-8d5fedaec558">
      <Execution id="f198f733-2c67-4e8f-b046-3c5525d937e5" />
      <TestMethod codeBase="F:/CROMSistemas/VS2012/DPMoviles/VS2010/WCFMovilRest/slnWcfRestServiceParking/slnWcfRestServiceParkingTest/bin/Debug/slnWcfRestServiceParkingTest.DLL" adapterTypeName="Microsoft.VisualStudio.TestTools.TestTypes.Unit.UnitTestAdapter, Microsoft.VisualStudio.QualityTools.Tips.UnitTest.Adapter, Version=10.0.0.0, Culture=neutral, PublicKeyToken=b03f5f7f11d50a3a" className="slnWcfRestServiceParkingTest.ParkingSpaceTest, slnWcfRestServiceParkingTest, Version=1.0.0.0, Culture=neutral, PublicKeyToken=null" name="ParkingSpaceCrearTest" />
    </UnitTest>
  </TestDefinitions>
  <TestLists>
    <TestList name="Results Not in a List" id="8c84fa94-04c1-424b-9868-57a2d4851a1d" />
    <TestList name="All Loaded Results" id="19431567-8539-422a-85d7-44ee4e166bda" />
  </TestLists>
  <TestEntries>
    <TestEntry testId="6006fdde-aef3-8c5c-e65b-8d5fedaec558" executionId="f198f733-2c67-4e8f-b046-3c5525d937e5" testListId="8c84fa94-04c1-424b-9868-57a2d4851a1d" />
  </TestEntries>
  <Results>
    <UnitTestResult executionId="f198f733-2c67-4e8f-b046-3c5525d937e5" testId="6006fdde-aef3-8c5c-e65b-8d5fedaec558" testName="ParkingSpaceCrearTest" computerName="MUAKS-PC" duration="00:00:05.6894356" startTime="2016-04-05T03:56:48.0781250-05:00" endTime="2016-04-05T03:56:58.9101563-05:00" testType="13cdc9d9-ddb5-4fa4-a97d-d965ccfc6d4b" outcome="Passed" testListId="8c84fa94-04c1-424b-9868-57a2d4851a1d" relativeResultsDirectory="f198f733-2c67-4e8f-b046-3c5525d937e5">
    </UnitTestResult>
  </Results>
</TestRun>