<?xml version="1.0" encoding="UTF-8"?>
<TestRun id="f055918b-24ff-41d1-9a28-8ae1d3dda0f5" name="CROMSYSTEM@MUAKS-PC 2016-04-08 05:11:35" runUser="MUAKS-PC\CROMSYSTEM" xmlns="http://microsoft.com/schemas/VisualStudio/TeamTest/2010">
  <TestSettings name="Local" id="cdeb153d-5496-4227-b58f-5b1ef5546c2b">
    <Description>These are default test settings for a local test run.</Description>
    <Deployment enabled="false" runDeploymentRoot="CROMSYSTEM_MUAKS-PC 2016-04-08 05_11_35" />
    <Execution>
      <TestTypeSpecific />
      <AgentRule name="Execution Agents">
      </AgentRule>
    </Execution>
  </TestSettings>
  <Times creation="2016-04-08T05:11:35.8300782-05:00" queuing="2016-04-08T05:12:31.8925782-05:00" start="2016-04-08T05:12:32.7783204-05:00" finish="2016-04-08T05:13:25.5292969-05:00" />
  <ResultSummary outcome="Completed">
    <Counters total="1" executed="1" passed="1" error="0" failed="0" timeout="0" aborted="0" inconclusive="0" passedButRunAborted="0" notRunnable="0" notExecuted="0" disconnected="0" warning="0" completed="0" inProgress="0" pending="0" />
  </ResultSummary>
  <TestDefinitions>
    <UnitTest name="UserCrearTest" storage="f:\cromsistemas\vs2012\dpmoviles\vs2010\wcfmovilrest\slnwcfrestserviceparking\slnwcfrestserviceparkingtest\bin\debug\slnwcfrestserviceparkingtest.dll" id="ec7ebb8e-94d4-9260-d6ee-2e06424e45ee">
      <Execution id="2a39501f-a962-4123-b364-eac0b9acab5e" />
      <TestMethod codeBase="F:/CROMSistemas/VS2012/DPMoviles/VS2010/WCFMovilRest/slnWcfRestServiceParking/slnWcfRestServiceParkingTest/bin/Debug/slnWcfRestServiceParkingTest.DLL" adapterTypeName="Microsoft.VisualStudio.TestTools.TestTypes.Unit.UnitTestAdapter, Microsoft.VisualStudio.QualityTools.Tips.UnitTest.Adapter, Version=10.0.0.0, Culture=neutral, PublicKeyToken=b03f5f7f11d50a3a" className="slnWcfRestServiceParkingTest.UserTest, slnWcfRestServiceParkingTest, Version=1.0.0.0, Culture=neutral, PublicKeyToken=null" name="UserCrearTest" />
    </UnitTest>
  </TestDefinitions>
  <TestLists>
    <TestList name="Results Not in a List" id="8c84fa94-04c1-424b-9868-57a2d4851a1d" />
    <TestList name="All Loaded Results" id="19431567-8539-422a-85d7-44ee4e166bda" />
  </TestLists>
  <TestEntries>
    <TestEntry testId="ec7ebb8e-94d4-9260-d6ee-2e06424e45ee" executionId="2a39501f-a962-4123-b364-eac0b9acab5e" testListId="8c84fa94-04c1-424b-9868-57a2d4851a1d" />
  </TestEntries>
  <Results>
    <UnitTestResult executionId="2a39501f-a962-4123-b364-eac0b9acab5e" testId="ec7ebb8e-94d4-9260-d6ee-2e06424e45ee" testName="UserCrearTest" computerName="MUAKS-PC" duration="00:00:38.8677764" startTime="2016-04-08T05:12:34.4472657-05:00" endTime="2016-04-08T05:13:24.7783204-05:00" testType="13cdc9d9-ddb5-4fa4-a97d-d965ccfc6d4b" outcome="Passed" testListId="8c84fa94-04c1-424b-9868-57a2d4851a1d" relativeResultsDirectory="2a39501f-a962-4123-b364-eac0b9acab5e">
    </UnitTestResult>
  </Results>
</TestRun>