<?xml version="1.0" encoding="UTF-8"?>
<TestRun id="ef5eb06d-3569-4bc9-867f-6c55ad425651" name="CROMSYSTEM@MUAKS-PC 2016-04-05 03:50:49" runUser="MUAKS-PC\CROMSYSTEM" xmlns="http://microsoft.com/schemas/VisualStudio/TeamTest/2010">
  <TestSettings name="Local" id="cdeb153d-5496-4227-b58f-5b1ef5546c2b">
    <Description>These are default test settings for a local test run.</Description>
    <Deployment enabled="false" runDeploymentRoot="CROMSYSTEM_MUAKS-PC 2016-04-05 03_50_49" />
    <Execution>
      <TestTypeSpecific />
      <AgentRule name="Execution Agents">
      </AgentRule>
    </Execution>
  </TestSettings>
  <Times creation="2016-04-05T03:50:49.4023438-05:00" queuing="2016-04-05T03:50:55.5722656-05:00" start="2016-04-05T03:50:56.0625000-05:00" finish="2016-04-05T03:51:17.0332031-05:00" />
  <ResultSummary outcome="Completed">
    <Counters total="1" executed="1" passed="1" error="0" failed="0" timeout="0" aborted="0" inconclusive="0" passedButRunAborted="0" notRunnable="0" notExecuted="0" disconnected="0" warning="0" completed="0" inProgress="0" pending="0" />
  </ResultSummary>
  <TestDefinitions>
    <UnitTest name="ParkingSpaceDeleteTest" storage="f:\cromsistemas\vs2012\dpmoviles\vs2010\wcfmovilrest\slnwcfrestserviceparking\slnwcfrestserviceparkingtest\bin\debug\slnwcfrestserviceparkingtest.dll" id="82fd6183-d887-7ce3-ef91-8685cda8c251">
      <Execution id="9a994332-8f09-434a-98dc-cfdb45299741" />
      <TestMethod codeBase="F:/CROMSistemas/VS2012/DPMoviles/VS2010/WCFMovilRest/slnWcfRestServiceParking/slnWcfRestServiceParkingTest/bin/Debug/slnWcfRestServiceParkingTest.DLL" adapterTypeName="Microsoft.VisualStudio.TestTools.TestTypes.Unit.UnitTestAdapter, Microsoft.VisualStudio.QualityTools.Tips.UnitTest.Adapter, Version=10.0.0.0, Culture=neutral, PublicKeyToken=b03f5f7f11d50a3a" className="slnWcfRestServiceParkingTest.ParkingSpaceTest, slnWcfRestServiceParkingTest, Version=1.0.0.0, Culture=neutral, PublicKeyToken=null" name="ParkingSpaceDeleteTest" />
    </UnitTest>
  </TestDefinitions>
  <TestLists>
    <TestList name="Results Not in a List" id="8c84fa94-04c1-424b-9868-57a2d4851a1d" />
    <TestList name="All Loaded Results" id="19431567-8539-422a-85d7-44ee4e166bda" />
  </TestLists>
  <TestEntries>
    <TestEntry testId="82fd6183-d887-7ce3-ef91-8685cda8c251" executionId="9a994332-8f09-434a-98dc-cfdb45299741" testListId="8c84fa94-04c1-424b-9868-57a2d4851a1d" />
  </TestEntries>
  <Results>
    <UnitTestResult executionId="9a994332-8f09-434a-98dc-cfdb45299741" testId="82fd6183-d887-7ce3-ef91-8685cda8c251" testName="ParkingSpaceDeleteTest" computerName="MUAKS-PC" duration="00:00:11.0131967" startTime="2016-04-05T03:50:56.5517578-05:00" endTime="2016-04-05T03:51:11.4687500-05:00" testType="13cdc9d9-ddb5-4fa4-a97d-d965ccfc6d4b" outcome="Passed" testListId="8c84fa94-04c1-424b-9868-57a2d4851a1d" relativeResultsDirectory="9a994332-8f09-434a-98dc-cfdb45299741">
    </UnitTestResult>
  </Results>
</TestRun>