<?xml version="1.0" encoding="UTF-8"?>
<TestRun id="b3043060-5230-497c-b150-4fd890f05e7d" name="CROMSYSTEM@MUAKS-PC 2016-04-05 01:42:06" runUser="MUAKS-PC\CROMSYSTEM" xmlns="http://microsoft.com/schemas/VisualStudio/TeamTest/2010">
  <TestSettings name="Local" id="cdeb153d-5496-4227-b58f-5b1ef5546c2b">
    <Description>These are default test settings for a local test run.</Description>
    <Deployment enabled="false" runDeploymentRoot="CROMSYSTEM_MUAKS-PC 2016-04-05 01_42_06" />
    <Execution>
      <TestTypeSpecific />
      <AgentRule name="Execution Agents">
      </AgentRule>
    </Execution>
  </TestSettings>
  <Times creation="2016-04-05T01:42:06.4501953-05:00" queuing="2016-04-05T01:42:21.8115234-05:00" start="2016-04-05T01:42:22.4902344-05:00" finish="2016-04-05T01:43:09.0009766-05:00" />
  <ResultSummary outcome="Completed">
    <Counters total="1" executed="1" passed="1" error="0" failed="0" timeout="0" aborted="0" inconclusive="0" passedButRunAborted="0" notRunnable="0" notExecuted="0" disconnected="0" warning="0" completed="0" inProgress="0" pending="0" />
  </ResultSummary>
  <TestDefinitions>
    <UnitTest name="ReservationCrearTest" storage="f:\cromsistemas\vs2012\dpmoviles\vs2010\wcfmovilrest\slnwcfrestserviceparking\slnwcfrestserviceparkingtest\bin\debug\slnwcfrestserviceparkingtest.dll" id="e5fba11d-e010-544f-b854-10fbedece64a">
      <Execution id="612542e0-5172-45fe-b3d5-82b7dce753cc" />
      <TestMethod codeBase="F:/CROMSistemas/VS2012/DPMoviles/VS2010/WCFMovilRest/slnWcfRestServiceParking/slnWcfRestServiceParkingTest/bin/Debug/slnWcfRestServiceParkingTest.DLL" adapterTypeName="Microsoft.VisualStudio.TestTools.TestTypes.Unit.UnitTestAdapter, Microsoft.VisualStudio.QualityTools.Tips.UnitTest.Adapter, Version=10.0.0.0, Culture=neutral, PublicKeyToken=b03f5f7f11d50a3a" className="slnWcfRestServiceParkingTest.ReservationTest, slnWcfRestServiceParkingTest, Version=1.0.0.0, Culture=neutral, PublicKeyToken=null" name="ReservationCrearTest" />
    </UnitTest>
  </TestDefinitions>
  <TestLists>
    <TestList name="Results Not in a List" id="8c84fa94-04c1-424b-9868-57a2d4851a1d" />
    <TestList name="All Loaded Results" id="19431567-8539-422a-85d7-44ee4e166bda" />
  </TestLists>
  <TestEntries>
    <TestEntry testId="e5fba11d-e010-544f-b854-10fbedece64a" executionId="612542e0-5172-45fe-b3d5-82b7dce753cc" testListId="8c84fa94-04c1-424b-9868-57a2d4851a1d" />
  </TestEntries>
  <Results>
    <UnitTestResult executionId="612542e0-5172-45fe-b3d5-82b7dce753cc" testId="e5fba11d-e010-544f-b854-10fbedece64a" testName="ReservationCrearTest" computerName="MUAKS-PC" duration="00:00:37.3458605" startTime="2016-04-05T01:42:23.3466797-05:00" endTime="2016-04-05T01:43:07.2460938-05:00" testType="13cdc9d9-ddb5-4fa4-a97d-d965ccfc6d4b" outcome="Passed" testListId="8c84fa94-04c1-424b-9868-57a2d4851a1d" relativeResultsDirectory="612542e0-5172-45fe-b3d5-82b7dce753cc">
    </UnitTestResult>
  </Results>
</TestRun>