<?xml version="1.0" encoding="UTF-8"?>
<TestRun id="c4b37a99-3937-472d-8032-4428a54e1344" name="CROMSYSTEM@MUAKS-PC 2016-04-03 01:58:28" runUser="MUAKS-PC\CROMSYSTEM" xmlns="http://microsoft.com/schemas/VisualStudio/TeamTest/2010">
  <TestSettings name="Local" id="cdeb153d-5496-4227-b58f-5b1ef5546c2b">
    <Description>These are default test settings for a local test run.</Description>
    <Deployment enabled="false" runDeploymentRoot="CROMSYSTEM_MUAKS-PC 2016-04-03 01_58_28" />
    <Execution>
      <TestTypeSpecific />
      <AgentRule name="Execution Agents">
      </AgentRule>
    </Execution>
  </TestSettings>
  <Times creation="2016-04-03T01:58:28.3642578-05:00" queuing="2016-04-03T01:58:28.5302734-05:00" start="2016-04-03T01:58:28.5703125-05:00" finish="2016-04-03T01:58:29.4960937-05:00" />
  <ResultSummary outcome="Completed">
    <Counters total="1" executed="1" passed="1" error="0" failed="0" timeout="0" aborted="0" inconclusive="0" passedButRunAborted="0" notRunnable="0" notExecuted="0" disconnected="0" warning="0" completed="0" inProgress="0" pending="0" />
  </ResultSummary>
  <TestDefinitions>
    <UnitTest name="ValidateUserTest" storage="f:\cromsistemas\vs2012\dpmoviles\wcfmovilrest\slnwcfrestserviceparking\slnwcfrestserviceparkingtest\bin\debug\slnwcfrestserviceparkingtest.dll" id="944cf000-514a-ecd3-9ad9-d80155fec600">
      <Execution id="a6c7f5cc-bf05-42f0-b9b3-a3653b8a45f9" />
      <TestMethod codeBase="F:/CROMSistemas/VS2012/DPMoviles/WCFMovilRest/slnWcfRestServiceParking/slnWcfRestServiceParkingTest/bin/Debug/slnWcfRestServiceParkingTest.DLL" adapterTypeName="Microsoft.VisualStudio.TestTools.TestTypes.Unit.UnitTestAdapter, Microsoft.VisualStudio.QualityTools.Tips.UnitTest.Adapter, Version=10.0.0.0, Culture=neutral, PublicKeyToken=b03f5f7f11d50a3a" className="slnWcfRestServiceParkingTest.UserTest, slnWcfRestServiceParkingTest, Version=1.0.0.0, Culture=neutral, PublicKeyToken=null" name="ValidateUserTest" />
    </UnitTest>
  </TestDefinitions>
  <TestLists>
    <TestList name="Results Not in a List" id="8c84fa94-04c1-424b-9868-57a2d4851a1d" />
    <TestList name="All Loaded Results" id="19431567-8539-422a-85d7-44ee4e166bda" />
  </TestLists>
  <TestEntries>
    <TestEntry testId="944cf000-514a-ecd3-9ad9-d80155fec600" executionId="a6c7f5cc-bf05-42f0-b9b3-a3653b8a45f9" testListId="8c84fa94-04c1-424b-9868-57a2d4851a1d" />
  </TestEntries>
  <Results>
    <UnitTestResult executionId="a6c7f5cc-bf05-42f0-b9b3-a3653b8a45f9" testId="944cf000-514a-ecd3-9ad9-d80155fec600" testName="ValidateUserTest" computerName="MUAKS-PC" duration="00:00:00.3077658" startTime="2016-04-03T01:58:28.6005859-05:00" endTime="2016-04-03T01:58:29.4257812-05:00" testType="13cdc9d9-ddb5-4fa4-a97d-d965ccfc6d4b" outcome="Passed" testListId="8c84fa94-04c1-424b-9868-57a2d4851a1d" relativeResultsDirectory="a6c7f5cc-bf05-42f0-b9b3-a3653b8a45f9">
    </UnitTestResult>
  </Results>
</TestRun>